[2024-03-07 01:00:39] [1] [INFO] 
============= Basic configuration =============
env=DEMO
=========== Encryptor configuration ===========
crypto_key_value=*****
=========== WebDriver configuration ===========
url=https://www.automationexercise.com/
browser_language=en
selenium_url=http://localhost:4444/wd/hub
auto_screenshot=true
localization_encoding=UTF-8
language=en_US
-------------- Driver capabilities ------------
browserName=chrome
===============================================

[2024-03-07 01:00:39] [1] [WARN] Reporting disabled: using no op test run registrar
[2024-03-07 01:00:43] [1] [INFO] [TestNG] Running:
  C:\Users\manue\AppData\Local\JetBrains\IdeaIC2023.1\temp-testng-customsuite.xml

[2024-03-07 01:00:43] [1] [INFO] Set thread-count=1
[2024-03-07 01:00:43] [1] [INFO] Set data-provider-thread-count=1
[2024-03-07 01:00:43] [1] [INFO] CARINA_CORE_VERSION: 1.1.3
[2024-03-07 01:00:43] [1] [ERROR] TEST [WebTestAutomation - checkCartItemAdded [L01]] FAILED at [10:00:43 2024-03-07] - 
[public void com.solvd.carina.demo.WebAutomationExerciseTest.checkCartItemAdded(int,java.lang.String,java.lang.String)] has no parameters defined but was found to be using a data provider (either explicitly specified or inherited from class level annotation).
Data provider mismatch
Method: checkCartItemAdded([int id, java.lang.String itemName, java.lang.String itemPrice])
Arguments: [(java.lang.String) 0,(java.lang.String) Blue Top,(java.lang.String) Rs.500]

org.testng.internal.reflect.DataProviderMethodMatcher.getConformingArguments(DataProviderMethodMatcher.java:46)
org.testng.internal.Parameters.injectParameters(Parameters.java:909)
org.testng.internal.invokers.MethodRunner.runInSequence(MethodRunner.java:37)
org.testng.internal.invokers.TestInvoker$MethodInvocationAgent.invoke(TestInvoker.java:969)
org.testng.internal.invokers.TestInvoker.invokeTestMethods(TestInvoker.java:194)
org.testng.internal.invokers.TestMethodWorker.invokeTestMethods(TestMethodWorker.java:148)
org.testng.internal.invokers.TestMethodWorker.run(TestMethodWorker.java:128)
java.base/java.util.ArrayList.forEach(ArrayList.java:1596)
org.testng.TestRunner.privateRun(TestRunner.java:829)
org.testng.TestRunner.run(TestRunner.java:602)
org.testng.SuiteRunner.runTest(SuiteRunner.java:437)
org.testng.SuiteRunner.runSequentially(SuiteRunner.java:431)
org.testng.SuiteRunner.privateRun(SuiteRunner.java:391)
org.testng.SuiteRunner.run(SuiteRunner.java:330)
org.testng.SuiteRunnerWorker.runSuite(SuiteRunnerWorker.java:52)
org.testng.SuiteRunnerWorker.run(SuiteRunnerWorker.java:95)
org.testng.TestNG.runSuitesSequentially(TestNG.java:1256)
org.testng.TestNG.runSuitesLocally(TestNG.java:1176)
org.testng.TestNG.runSuites(TestNG.java:1099)
org.testng.TestNG.run(TestNG.java:1067)
com.intellij.rt.testng.IDEARemoteTestNG.run(IDEARemoteTestNG.java:66)
com.intellij.rt.testng.RemoteTestNGStarter.main(RemoteTestNGStarter.java:105)
[2024-03-07 01:00:43] [1] [INFO] INFO: '**************** Test execution summary ****************'.
[2024-03-07 01:00:43] [1] [INFO] RESULT #1: TEST [WebTestAutomation - checkCartItemAdded [L01]] FAIL [log=file://F:\Coding\JavaProjects\Solvd\WebTestAutomation\.\reports\1709816439440/1709816439440/test.log]
