[2024-03-07 01:08:17] [1] [WARN] Reporting disabled: using no op test run registrar
[2024-03-07 01:08:17] [1] [INFO] TEST [WebTestAutomation - checkCartItemAdded [L01]] STARTED at [10:08:17 2024-03-07]
[2024-03-07 01:08:17] [1] [INFO] Starting driver session...
[2024-03-07 01:08:17] [1] [INFO] Set Chrome language to: en
[2024-03-07 01:08:19] [1] [INFO] Driver session started.
[2024-03-07 01:08:24] [1] [INFO] URL 'https://www.automationexercise.com/products' opened
[2024-03-07 01:08:25] [1] [INFO] PASS: element 'addToCartButton' is clicked.
[2024-03-07 01:08:26] [1] [INFO] PASS: element 'continueShoppingButton' is clicked.
[2024-03-07 01:08:28] [1] [INFO] PASS: element 'cartButton' is clicked.
[2024-03-07 01:08:29] [1] [ERROR] TEST [WebTestAutomation - checkCartItemAdded [L01]] FAILED at [10:08:29 2024-03-07] - expected [Rs.500] but found [Rs. 500]

org.testng.Assert.fail(Assert.java:110)
org.testng.Assert.failNotEquals(Assert.java:1577)
org.testng.Assert.assertEqualsImpl(Assert.java:149)
org.testng.Assert.assertEquals(Assert.java:131)
org.testng.Assert.assertEquals(Assert.java:655)
org.testng.Assert.assertEquals(Assert.java:665)
com.solvd.carina.demo.WebAutomationExerciseTest.checkCartItemAdded(WebAutomationExerciseTest.java:86)
java.base/jdk.internal.reflect.DirectMethodHandleAccessor.invoke(DirectMethodHandleAccessor.java:103)
java.base/java.lang.reflect.Method.invoke(Method.java:580)
org.testng.internal.invokers.MethodInvocationHelper.invokeMethod(MethodInvocationHelper.java:139)
org.testng.internal.invokers.TestInvoker.invokeMethod(TestInvoker.java:677)
org.testng.internal.invokers.TestInvoker.invokeTestMethod(TestInvoker.java:221)
org.testng.internal.invokers.MethodRunner.runInSequence(MethodRunner.java:50)
org.testng.internal.invokers.TestInvoker$MethodInvocationAgent.invoke(TestInvoker.java:969)
org.testng.internal.invokers.TestInvoker.invokeTestMethods(TestInvoker.java:194)
org.testng.internal.invokers.TestMethodWorker.invokeTestMethods(TestMethodWorker.java:148)
org.testng.internal.invokers.TestMethodWorker.run(TestMethodWorker.java:128)
java.base/java.util.ArrayList.forEach(ArrayList.java:1596)
org.testng.TestRunner.privateRun(TestRunner.java:829)
org.testng.TestRunner.run(TestRunner.java:602)
org.testng.SuiteRunner.runTest(SuiteRunner.java:437)
org.testng.SuiteRunner.runSequentially(SuiteRunner.java:431)
org.testng.SuiteRunner.privateRun(SuiteRunner.java:391)
org.testng.SuiteRunner.run(SuiteRunner.java:330)
org.testng.SuiteRunnerWorker.runSuite(SuiteRunnerWorker.java:52)
org.testng.SuiteRunnerWorker.run(SuiteRunnerWorker.java:95)
org.testng.TestNG.runSuitesSequentially(TestNG.java:1256)
org.testng.TestNG.runSuitesLocally(TestNG.java:1176)
org.testng.TestNG.runSuites(TestNG.java:1099)
org.testng.TestNG.run(TestNG.java:1067)
com.intellij.rt.testng.IDEARemoteTestNG.run(IDEARemoteTestNG.java:66)
com.intellij.rt.testng.RemoteTestNGStarter.main(RemoteTestNGStarter.java:105)
